<?xml version="1.0" encoding="UTF-8"?>
<testng-results skipped="0" failed="0" ignored="0" total="3" passed="3">
  <reporter-output>
  </reporter-output>
  <suite name="Suite" duration-ms="218796" started-at="2022-01-01T12:20:55 IST" finished-at="2022-01-01T12:24:33 IST">
    <groups>
    </groups>
    <test name="OrangeHrmApp Test for Chrome" duration-ms="60312" started-at="2022-01-01T12:20:55 IST" finished-at="2022-01-01T12:21:55 IST">
      <class name="basepack.DirectoryPageTest">
        <test-method status="PASS" signature="setUpBrowser(java.lang.String)[pri:0, instance:basepack.DirectoryPageTest@150c3ec]" name="setUpBrowser" is-config="true" duration-ms="21041" started-at="2022-01-01T12:20:55 IST" finished-at="2022-01-01T12:21:16 IST">
          <params>
            <param index="0">
              <value>
                <![CDATA[chrome]]>
              </value>
            </param>
          </params>
          <reporter-output>
          </reporter-output>
        </test-method> <!-- setUpBrowser -->
        <test-method status="PASS" signature="directoryPage()[pri:1, instance:basepack.DirectoryPageTest@150c3ec]" name="directoryPage" duration-ms="36154" started-at="2022-01-01T12:21:17 IST" finished-at="2022-01-01T12:21:53 IST">
          <reporter-output>
          </reporter-output>
        </test-method> <!-- directoryPage -->
        <test-method status="PASS" signature="tearDown()[pri:0, instance:basepack.DirectoryPageTest@150c3ec]" name="tearDown" is-config="true" duration-ms="2171" started-at="2022-01-01T12:21:53 IST" finished-at="2022-01-01T12:21:55 IST">
          <reporter-output>
          </reporter-output>
        </test-method> <!-- tearDown -->
      </class> <!-- basepack.DirectoryPageTest -->
    </test> <!-- OrangeHrmApp Test for Chrome -->
    <test name="OrangeHrmApp Test for Firefox" duration-ms="74831" started-at="2022-01-01T12:21:56 IST" finished-at="2022-01-01T12:23:11 IST">
      <class name="basepack.DirectoryPageTest">
        <test-method status="PASS" signature="setUpBrowser(java.lang.String)[pri:0, instance:basepack.DirectoryPageTest@1d20d0b]" name="setUpBrowser" is-config="true" duration-ms="50973" started-at="2022-01-01T12:21:56 IST" finished-at="2022-01-01T12:22:47 IST">
          <params>
            <param index="0">
              <value>
                <![CDATA[firefox]]>
              </value>
            </param>
          </params>
          <reporter-output>
          </reporter-output>
        </test-method> <!-- setUpBrowser -->
        <test-method status="PASS" signature="directoryPage()[pri:1, instance:basepack.DirectoryPageTest@1d20d0b]" name="directoryPage" duration-ms="17848" started-at="2022-01-01T12:22:47 IST" finished-at="2022-01-01T12:23:05 IST">
          <reporter-output>
          </reporter-output>
        </test-method> <!-- directoryPage -->
        <test-method status="PASS" signature="tearDown()[pri:0, instance:basepack.DirectoryPageTest@1d20d0b]" name="tearDown" is-config="true" duration-ms="5994" started-at="2022-01-01T12:23:05 IST" finished-at="2022-01-01T12:23:11 IST">
          <reporter-output>
          </reporter-output>
        </test-method> <!-- tearDown -->
      </class> <!-- basepack.DirectoryPageTest -->
    </test> <!-- OrangeHrmApp Test for Firefox -->
    <test name="OrangeHrmApp Test for Opera" duration-ms="82476" started-at="2022-01-01T12:23:11 IST" finished-at="2022-01-01T12:24:33 IST">
      <class name="basepack.DirectoryPageTest">
        <test-method status="PASS" signature="setUpBrowser(java.lang.String)[pri:0, instance:basepack.DirectoryPageTest@131ef10]" name="setUpBrowser" is-config="true" duration-ms="50112" started-at="2022-01-01T12:23:11 IST" finished-at="2022-01-01T12:24:01 IST">
          <params>
            <param index="0">
              <value>
                <![CDATA[opera]]>
              </value>
            </param>
          </params>
          <reporter-output>
          </reporter-output>
        </test-method> <!-- setUpBrowser -->
        <test-method status="PASS" signature="directoryPage()[pri:1, instance:basepack.DirectoryPageTest@131ef10]" name="directoryPage" duration-ms="31733" started-at="2022-01-01T12:24:01 IST" finished-at="2022-01-01T12:24:33 IST">
          <reporter-output>
          </reporter-output>
        </test-method> <!-- directoryPage -->
        <test-method status="PASS" signature="tearDown()[pri:0, instance:basepack.DirectoryPageTest@131ef10]" name="tearDown" is-config="true" duration-ms="618" started-at="2022-01-01T12:24:33 IST" finished-at="2022-01-01T12:24:33 IST">
          <reporter-output>
          </reporter-output>
        </test-method> <!-- tearDown -->
      </class> <!-- basepack.DirectoryPageTest -->
    </test> <!-- OrangeHrmApp Test for Opera -->
  </suite> <!-- Suite -->
</testng-results>
